ERROR 2025-06-28 01:46:50,204 nowpayments 15696 3588 Error fetching currencies: 403 Client Error: Forbidden for url: https://api-sandbox.nowpayments.io/v1/currencies
ERROR 2025-06-28 01:46:50,747 nowpayments 15696 3588 Error fetching exchange rate: 404 Client Error: Not Found for url: https://api-sandbox.nowpayments.io/v1/exchange-amount/USD-BTC?amount=1
WARNING 2025-06-28 01:47:48,818 nowpayments 18416 11124 NOWPayments API key not configured. Please set NOWPAYMENTS_API_KEY environment variable.
ERROR 2025-06-28 01:50:46,508 nowpayments 30000 20576 Error fetching currencies: 403 Client Error: Forbidden for url: https://api-sandbox.nowpayments.io/v1/currencies
ERROR 2025-06-28 01:50:47,044 nowpayments 30000 20576 Error fetching exchange rate: 404 Client Error: Not Found for url: https://api-sandbox.nowpayments.io/v1/exchange-amount/USD-BTC?amount=1
ERROR 2025-06-28 01:50:52,732 nowpayments 31000 13672 Error fetching currencies: 403 Client Error: Forbidden for url: https://api-sandbox.nowpayments.io/v1/currencies
ERROR 2025-06-28 01:50:53,289 nowpayments 31000 13672 Error fetching exchange rate: 404 Client Error: Not Found for url: https://api-sandbox.nowpayments.io/v1/exchange-amount/USD-BTC?amount=1
ERROR 2025-06-28 02:15:14,231 nowpayments 2856 13592 Error fetching currencies: 403 Client Error: Forbidden for url: https://api-sandbox.nowpayments.io/v1/currencies
ERROR 2025-06-28 02:15:29,873 nowpayments 2856 11668 Error fetching currencies: 403 Client Error: Forbidden for url: https://api-sandbox.nowpayments.io/v1/currencies
INFO 2025-06-28 02:15:30,090 nowpayments 2856 11668 Prepared payment data: {'price_amount': 200.0, 'price_currency': 'USD', 'pay_currency': 'btc', 'ipn_callback_url': 'http://127.0.0.1:8000/payments/nowpayments/ipn/', 'order_id': 'oo9q6io0np', 'order_description': 'Subscription: Pro Plan'}
ERROR 2025-06-28 02:15:30,623 nowpayments 2856 11668 Error creating payment: 403 Client Error: Forbidden for url: https://api-sandbox.nowpayments.io/v1/payment
ERROR 2025-06-28 02:15:30,624 nowpayments 2856 11668 Response content: {"status":false,"statusCode":403,"code":"INVALID_API_KEY","message":"Invalid api key"}
ERROR 2025-06-28 02:15:51,550 nowpayments 2856 11668 Error fetching currencies: 403 Client Error: Forbidden for url: https://api-sandbox.nowpayments.io/v1/currencies
INFO 2025-06-28 02:15:51,593 nowpayments 2856 11668 Prepared payment data: {'price_amount': 200.0, 'price_currency': 'USD', 'pay_currency': 'eth', 'ipn_callback_url': 'http://127.0.0.1:8000/payments/nowpayments/ipn/', 'order_id': 'bama23yw1s', 'order_description': 'Subscription: Pro Plan'}
ERROR 2025-06-28 02:15:52,106 nowpayments 2856 11668 Error creating payment: 403 Client Error: Forbidden for url: https://api-sandbox.nowpayments.io/v1/payment
ERROR 2025-06-28 02:15:52,106 nowpayments 2856 11668 Response content: {"status":false,"statusCode":403,"code":"INVALID_API_KEY","message":"Invalid api key"}
INFO 2025-06-28 02:19:27,755 nowpayments 11148 24460 NOWPayments initialized - Sandbox: True, API Key: FWNR786-...
INFO 2025-06-28 02:19:27,776 nowpayments 21752 25004 NOWPayments initialized - Sandbox: True, API Key: FWNR786-...
INFO 2025-06-28 02:21:43,476 nowpayments 18840 22984 NOWPayments initialized - Sandbox: True, API Key: VY9T8H5-...
INFO 2025-06-28 02:21:43,587 nowpayments 4812 25932 NOWPayments initialized - Sandbox: True, API Key: VY9T8H5-...
INFO 2025-06-28 02:22:19,569 nowpayments 20336 22000 NOWPayments initialized - Sandbox: True, API Key: VY9T8H5-...
INFO 2025-06-28 02:22:19,589 nowpayments 28472 10956 NOWPayments initialized - Sandbox: True, API Key: VY9T8H5-...
ERROR 2025-06-28 02:22:45,268 nowpayments 28472 20920 Error fetching currencies: 403 Client Error: Forbidden for url: https://api-sandbox.nowpayments.io/v1/currencies
INFO 2025-06-28 02:22:45,301 nowpayments 28472 20920 Prepared payment data: {'price_amount': 200.0, 'price_currency': 'USD', 'pay_currency': 'btc', 'ipn_callback_url': 'http://127.0.0.1:8000/payments/nowpayments/ipn/', 'order_id': 'xxlnrgo1ok', 'order_description': 'Subscription: Pro Plan'}
ERROR 2025-06-28 02:22:46,419 nowpayments 28472 20920 Error creating payment: 403 Client Error: Forbidden for url: https://api-sandbox.nowpayments.io/v1/payment
ERROR 2025-06-28 02:22:46,419 nowpayments 28472 20920 Response content: {"status":false,"statusCode":403,"code":"INVALID_API_KEY","message":"Invalid api key"}
ERROR 2025-06-28 02:22:53,223 nowpayments 28472 22876 Error fetching currencies: 403 Client Error: Forbidden for url: https://api-sandbox.nowpayments.io/v1/currencies
INFO 2025-06-28 02:22:53,285 nowpayments 28472 22876 Prepared payment data: {'price_amount': 200.0, 'price_currency': 'USD', 'pay_currency': 'btc', 'ipn_callback_url': 'http://127.0.0.1:8000/payments/nowpayments/ipn/', 'order_id': 'yzamafx1ku', 'order_description': 'Subscription: Pro Plan'}
ERROR 2025-06-28 02:22:53,834 nowpayments 28472 22876 Error creating payment: 403 Client Error: Forbidden for url: https://api-sandbox.nowpayments.io/v1/payment
ERROR 2025-06-28 02:22:53,834 nowpayments 28472 22876 Response content: {"status":false,"statusCode":403,"code":"INVALID_API_KEY","message":"Invalid api key"}
INFO 2025-06-28 02:23:48,618 nowpayments 25116 31664 NOWPayments initialized - Sandbox: False, API Key: VY9T8H5-...
INFO 2025-06-28 02:23:49,218 nowpayments 3824 10828 NOWPayments initialized - Sandbox: False, API Key: VY9T8H5-...
INFO 2025-06-28 02:24:30,834 nowpayments 25116 12748 Prepared payment data: {'price_amount': 200.0, 'price_currency': 'USD', 'pay_currency': 'btc', 'ipn_callback_url': 'http://127.0.0.1:8000/payments/nowpayments/ipn/', 'order_id': 'takhkp2oht', 'order_description': 'Subscription: Pro Plan'}
INFO 2025-06-28 02:26:59,677 nowpayments 14568 6596 NOWPayments initialized - Sandbox: False, API Key: VY9T8H5-...
INFO 2025-06-28 02:27:00,316 nowpayments 9748 28320 NOWPayments initialized - Sandbox: False, API Key: VY9T8H5-...
INFO 2025-06-28 02:27:04,315 nowpayments 20148 1896 NOWPayments initialized - Sandbox: False, API Key: VY9T8H5-...
INFO 2025-06-28 02:27:05,294 nowpayments 13212 28588 NOWPayments initialized - Sandbox: False, API Key: VY9T8H5-...
INFO 2025-06-28 02:27:18,807 nowpayments 27492 27684 NOWPayments initialized - Sandbox: False, API Key: VY9T8H5-...
INFO 2025-06-28 02:27:18,860 nowpayments 12668 23056 NOWPayments initialized - Sandbox: False, API Key: VY9T8H5-...
INFO 2025-06-28 02:30:11,474 nowpayments 21088 27196 NOWPayments initialized - Sandbox: False, API Key: VY9T8H5-...
INFO 2025-06-28 02:30:11,494 nowpayments 24832 24508 NOWPayments initialized - Sandbox: False, API Key: VY9T8H5-...
INFO 2025-06-28 02:30:19,663 nowpayments 7516 4196 NOWPayments initialized - Sandbox: False, API Key: VY9T8H5-...
INFO 2025-06-28 02:30:21,168 nowpayments 26384 22592 NOWPayments initialized - Sandbox: False, API Key: VY9T8H5-...
INFO 2025-06-28 02:30:33,078 nowpayments 14052 28072 NOWPayments initialized - Sandbox: False, API Key: VY9T8H5-...
INFO 2025-06-28 02:30:33,153 nowpayments 14668 12252 NOWPayments initialized - Sandbox: False, API Key: VY9T8H5-...
INFO 2025-06-28 02:30:42,446 nowpayments 16408 29668 NOWPayments initialized - Sandbox: False, API Key: VY9T8H5-...
INFO 2025-06-28 02:30:42,499 nowpayments 26480 19636 NOWPayments initialized - Sandbox: False, API Key: VY9T8H5-...
INFO 2025-06-28 02:30:52,486 nowpayments 17492 7732 NOWPayments initialized - Sandbox: False, API Key: VY9T8H5-...
INFO 2025-06-28 02:30:53,165 nowpayments 22628 20304 NOWPayments initialized - Sandbox: False, API Key: VY9T8H5-...
INFO 2025-06-28 02:31:04,902 nowpayments 20940 11948 NOWPayments initialized - Sandbox: False, API Key: VY9T8H5-...
INFO 2025-06-28 02:31:05,221 nowpayments 18904 8984 NOWPayments initialized - Sandbox: False, API Key: VY9T8H5-...
INFO 2025-06-28 02:31:14,271 nowpayments 3352 27452 NOWPayments initialized - Sandbox: False, API Key: VY9T8H5-...
INFO 2025-06-28 02:31:14,280 nowpayments 20200 21656 NOWPayments initialized - Sandbox: False, API Key: VY9T8H5-...
INFO 2025-06-28 02:32:00,349 nowpayments 20576 21328 NOWPayments initialized - Sandbox: False, API Key: VY9T8H5-...
INFO 2025-06-28 02:32:00,374 nowpayments 27120 13144 NOWPayments initialized - Sandbox: False, API Key: VY9T8H5-...
INFO 2025-06-28 02:33:02,245 nowpayments 7604 228 NOWPayments initialized - Sandbox: False, API Key: VY9T8H5-...
INFO 2025-06-28 02:33:02,245 nowpayments 13428 30516 NOWPayments initialized - Sandbox: False, API Key: VY9T8H5-...
INFO 2025-06-28 02:33:16,607 nowpayments 14092 29284 NOWPayments initialized - Sandbox: False, API Key: VY9T8H5-...
INFO 2025-06-28 02:33:16,645 nowpayments 25512 20232 NOWPayments initialized - Sandbox: False, API Key: VY9T8H5-...
INFO 2025-06-28 02:33:17,991 nowpayments 21244 1772 NOWPayments initialized - Sandbox: False, API Key: VY9T8H5-...
INFO 2025-06-28 02:33:59,277 nowpayments 27816 28480 NOWPayments initialized - Sandbox: False, API Key: VY9T8H5-...
INFO 2025-06-28 02:34:29,494 nowpayments 26564 25788 NOWPayments initialized - Sandbox: False, API Key: VY9T8H5-...
INFO 2025-06-28 02:34:29,527 nowpayments 18756 14776 NOWPayments initialized - Sandbox: False, API Key: VY9T8H5-...
INFO 2025-06-28 02:35:42,112 nowpayments 28056 30824 NOWPayments initialized - Sandbox: False, API Key: VY9T8H5-...
ERROR 2025-06-28 02:35:43,558 nowpayments 28056 30824 Error fetching exchange rate: 404 Client Error: Not Found for url: https://api.nowpayments.io/v1/exchange-amount/USD-BTC?amount=1
INFO 2025-06-28 02:36:07,658 nowpayments 25816 14120 NOWPayments initialized - Sandbox: False, API Key: VY9T8H5-...
INFO 2025-06-28 02:36:43,168 nowpayments 15432 20664 NOWPayments initialized - Sandbox: False, API Key: VY9T8H5-...
INFO 2025-06-28 02:36:43,168 nowpayments 12964 9528 NOWPayments initialized - Sandbox: False, API Key: VY9T8H5-...
